<?xml version="1.0" encoding="UTF-8"?>
<!-- Generated by org.testng.reporters.JUnitReportReporter -->
<testsuite hostname="INLEN8520046733" failures="0" tests="2" name="com.TestNg.TestCases.TestCases" time="56.077" errors="0" timestamp="2023-01-09T18:07:34 IST" skipped="1">
  <testcase classname="com.TestNg.TestCases.TestCases" name="AddItemTest" time="56.077"/>
  <system-out/>
  <testcase classname="com.TestNg.TestCases.TestCases" name="LoginTest">
    <skipped/>
  </testcase> <!-- LoginTest -->
  <system-out/>
</testsuite> <!-- com.TestNg.TestCases.TestCases -->
